Tue Oct 14 17:42:34 2025: Running xcd server. This server was built by gradle.
Tue Oct 14 17:42:34 2025: Server was asked to start on port: '33307'
Tue Oct 14 17:42:34 2025: Server is using token UUID: 'f24efa49-7241-4b0e-a227-70f023c3951a'
Tue Oct 14 17:42:34 2025: SESSION_MGR: creating session with session uuid: '6d04a3e9-ade5-4ab9-8d63-1f78fcd2ec76' and name 'default'
Tue Oct 14 17:42:34 2025: Attempting to start server on port '33307'
Tue Oct 14 17:42:34 2025: XCD main fifo: created main fifo '/tmp/xcdmainf24efa49-7241-4b0e-a227-70f023c3951a', fd read = 15
Tue Oct 14 17:42:34 2025: Running Dispatch Server
Tue Oct 14 17:42:34 2025: Version 2.2.0
Tue Oct 14 17:42:34 2025: Dispatch Server: Accepted socket connection from client
Tue Oct 14 17:42:34 2025: Starting Socket connection
Tue Oct 14 17:42:34 2025: EXCHANGE_TOKEN received, server token: f24efa49-7241-4b0e-a227-70f023c3951a, passed token: f24efa49-7241-4b0e-a227-70f023c3951a
Tue Oct 14 17:42:34 2025: SESSION_MGR: creating session with session uuid: 'b7e1dcf7-a217-4061-bdfe-3f85452702b8' and name 'vitis_hls'
Tue Oct 14 17:42:34 2025: KERNEL_SVC: creating session with uuid: 'b7e1dcf7-a217-4061-bdfe-3f85452702b8' and name 'vitis_hls'
Tue Oct 14 17:42:34 2025: GUIDANCE_SMGR: creating guidance session with uuid: 'b7e1dcf7-a217-4061-bdfe-3f85452702b8' and name 'vitis_hls'
Tue Oct 14 17:42:46 2025: STOP_SERVER received, server token: f24efa49-7241-4b0e-a227-70f023c3951a, passed token: f24efa49-7241-4b0e-a227-70f023c3951a
Tue Oct 14 17:42:46 2025: Socket received request to stop server.
Tue Oct 14 17:42:46 2025: Dispatch Server: do_await_stop
Tue Oct 14 17:42:46 2025: Dispatch Server: stopping mainFifo_
Tue Oct 14 17:42:46 2025: XCD main fifo: Stopping
Tue Oct 14 17:42:46 2025: XCD main fifo: do_read error code: Operation canceled
Tue Oct 14 17:42:46 2025: XCD main fifo: bytes_transferred: 0
Tue Oct 14 17:42:46 2025: SERVER: destructor for server bound to port 33307
Tue Oct 14 17:42:46 2025: XCD main fifo: Good unlink of /tmp/xcdmainf24efa49-7241-4b0e-a227-70f023c3951a
Tue Oct 14 17:42:46 2025: Server exiting with status 0.
Tue Oct 14 17:42:46 2025: Closing log file.
