

================================================================
== Vitis HLS Report for 'fir'
================================================================
* Date:           Tue Oct 14 22:10:58 2025

* Version:        2024.2 (Build 5238294 on Nov  8 2024)
* Project:        fir.comp
* Solution:       hls (Vivado IP Flow Target)
* Product family: zynq
* Target device:  xc7z020-clg400-1


================================================================
== Performance Estimates
================================================================
+ Timing: 
    * Summary: 
    +--------+----------+----------+------------+
    |  Clock |  Target  | Estimated| Uncertainty|
    +--------+----------+----------+------------+
    |ap_clk  |  10.00 ns|  6.978 ns|     2.70 ns|
    +--------+----------+----------+------------+

+ Latency: 
    * Summary: 
    +---------+---------+----------+----------+-----+-----+---------+
    |  Latency (cycles) |  Latency (absolute) |  Interval | Pipeline|
    |   min   |   max   |    min   |    max   | min | max |   Type  |
    +---------+---------+----------+----------+-----+-----+---------+
    |      282|      282|  2.820 us|  2.820 us|  283|  283|       no|
    +---------+---------+----------+----------+-----+-----+---------+

    + Detail: 
        * Instance: 
        +----------------------------+------------------+---------+---------+----------+----------+-----+-----+------------------------------------------------+
        |                            |                  |  Latency (cycles) |  Latency (absolute) |  Interval |                    Pipeline                    |
        |          Instance          |      Module      |   min   |   max   |    min   |    max   | min | max |                      Type                      |
        +----------------------------+------------------+---------+---------+----------+----------+-----+-----+------------------------------------------------+
        |grp_fir_Pipeline_TDL_fu_64  |fir_Pipeline_TDL  |      198|      198|  1.980 us|  1.980 us|  130|  130|  loop auto-rewind stp (delay=0 clock cycles(s))|
        |grp_fir_Pipeline_MAC_fu_74  |fir_Pipeline_MAC  |       79|       79|  0.790 us|  0.790 us|   65|   65|  loop auto-rewind stp (delay=0 clock cycles(s))|
        +----------------------------+------------------+---------+---------+----------+----------+-----+-----+------------------------------------------------+

        * Loop: 
        N/A



================================================================
== Utilization Estimates
================================================================
* Summary: 
+-----------------+---------+-----+--------+-------+-----+
|       Name      | BRAM_18K| DSP |   FF   |  LUT  | URAM|
+-----------------+---------+-----+--------+-------+-----+
|DSP              |        -|    -|       -|      -|    -|
|Expression       |        -|    -|       0|      2|    -|
|FIFO             |        -|    -|       -|      -|    -|
|Instance         |        1|   36|   11306|   8209|    -|
|Memory           |        6|    -|       0|      0|    0|
|Multiplexer      |        -|    -|       0|    241|    -|
|Register         |        -|    -|       8|      -|    -|
+-----------------+---------+-----+--------+-------+-----+
|Total            |        7|   36|   11314|   8452|    0|
+-----------------+---------+-----+--------+-------+-----+
|Available        |      280|  220|  106400|  53200|    0|
+-----------------+---------+-----+--------+-------+-----+
|Utilization (%)  |        2|   16|      10|     15|    0|
+-----------------+---------+-----+--------+-------+-----+

+ Detail: 
    * Instance: 
    +----------------------------+------------------+---------+----+-------+------+-----+
    |          Instance          |      Module      | BRAM_18K| DSP|   FF  |  LUT | URAM|
    +----------------------------+------------------+---------+----+-------+------+-----+
    |grp_fir_Pipeline_MAC_fu_74  |fir_Pipeline_MAC  |        1|   4|    942|   550|    0|
    |grp_fir_Pipeline_TDL_fu_64  |fir_Pipeline_TDL  |        0|  32|  10364|  7659|    0|
    +----------------------------+------------------+---------+----+-------+------+-----+
    |Total                       |                  |        1|  36|  11306|  8209|    0|
    +----------------------------+------------------+---------+----+-------+------+-----+

    * DSP: 
    N/A

    * Memory: 
    +---------------------------+-------------------------------------+---------+---+----+-----+------+-----+------+-------------+
    |           Memory          |                Module               | BRAM_18K| FF| LUT| URAM| Words| Bits| Banks| W*Bits*Banks|
    +---------------------------+-------------------------------------+---------+---+----+-----+------+-----+------+-------------+
    |fir_int_int_shift_reg_U    |fir_int_int_shift_reg_RAM_AUTO_1R1W  |        2|  0|   0|    0|    43|   32|     1|         1376|
    |fir_int_int_shift_reg_1_U  |fir_int_int_shift_reg_RAM_AUTO_1R1W  |        2|  0|   0|    0|    43|   32|     1|         1376|
    |fir_int_int_shift_reg_2_U  |fir_int_int_shift_reg_RAM_AUTO_1R1W  |        2|  0|   0|    0|    43|   32|     1|         1376|
    +---------------------------+-------------------------------------+---------+---+----+-----+------+-----+------+-------------+
    |Total                      |                                     |        6|  0|   0|    0|   129|   96|     3|         4128|
    +---------------------------+-------------------------------------+---------+---+----+-----+------+-----+------+-------------+

    * FIFO: 
    N/A

    * Expression: 
    +---------------------------+----------+----+---+----+------------+------------+
    |       Variable Name       | Operation| DSP| FF| LUT| Bitwidth P0| Bitwidth P1|
    +---------------------------+----------+----+---+----+------------+------------+
    |fir_int_int_shift_reg_we0  |        or|   0|  0|   2|           1|           1|
    +---------------------------+----------+----+---+----+------------+------------+
    |Total                      |          |   0|  0|   2|           1|           1|
    +---------------------------+----------+----+---+----+------------+------------+

    * Multiplexer: 
    +----------------------------------+----+-----------+-----+-----------+
    |               Name               | LUT| Input Size| Bits| Total Bits|
    +----------------------------------+----+-----------+-----+-----------+
    |ap_NS_fsm                         |  37|          7|    1|          7|
    |fir_int_int_shift_reg_1_address0  |  14|          3|    6|         18|
    |fir_int_int_shift_reg_1_address1  |  14|          3|    6|         18|
    |fir_int_int_shift_reg_1_ce0       |  14|          3|    1|          3|
    |fir_int_int_shift_reg_1_ce1       |  14|          3|    1|          3|
    |fir_int_int_shift_reg_1_we0       |   9|          2|    1|          2|
    |fir_int_int_shift_reg_2_address0  |  14|          3|    6|         18|
    |fir_int_int_shift_reg_2_address1  |  14|          3|    6|         18|
    |fir_int_int_shift_reg_2_ce0       |  14|          3|    1|          3|
    |fir_int_int_shift_reg_2_ce1       |  14|          3|    1|          3|
    |fir_int_int_shift_reg_2_we0       |   9|          2|    1|          2|
    |fir_int_int_shift_reg_address0    |  14|          3|    6|         18|
    |fir_int_int_shift_reg_address1    |  14|          3|    6|         18|
    |fir_int_int_shift_reg_ce0         |  14|          3|    1|          3|
    |fir_int_int_shift_reg_ce1         |  14|          3|    1|          3|
    |fir_int_int_shift_reg_d0          |   9|          2|   32|         64|
    |fir_int_int_shift_reg_we0         |   9|          2|    1|          2|
    +----------------------------------+----+-----------+-----+-----------+
    |Total                             | 241|         51|   78|        203|
    +----------------------------------+----+-----------+-----+-----------+

    * Register: 
    +-----------------------------------------+---+----+-----+-----------+
    |                   Name                  | FF| LUT| Bits| Const Bits|
    +-----------------------------------------+---+----+-----+-----------+
    |ap_CS_fsm                                |  6|   0|    6|          0|
    |grp_fir_Pipeline_MAC_fu_74_ap_start_reg  |  1|   0|    1|          0|
    |grp_fir_Pipeline_TDL_fu_64_ap_start_reg  |  1|   0|    1|          0|
    +-----------------------------------------+---+----+-----+-----------+
    |Total                                    |  8|   0|    8|          0|
    +-----------------------------------------+---+----+-----+-----------+



================================================================
== Interface
================================================================
* Summary: 
+----------+-----+-----+------------+--------------+--------------+
| RTL Ports| Dir | Bits|  Protocol  | Source Object|    C Type    |
+----------+-----+-----+------------+--------------+--------------+
|ap_clk    |   in|    1|  ap_ctrl_hs|           fir|  return value|
|ap_rst    |   in|    1|  ap_ctrl_hs|           fir|  return value|
|ap_start  |   in|    1|  ap_ctrl_hs|           fir|  return value|
|ap_done   |  out|    1|  ap_ctrl_hs|           fir|  return value|
|ap_idle   |  out|    1|  ap_ctrl_hs|           fir|  return value|
|ap_ready  |  out|    1|  ap_ctrl_hs|           fir|  return value|
|y         |  out|   32|      ap_vld|             y|       pointer|
|y_ap_vld  |  out|    1|      ap_vld|             y|       pointer|
|x         |   in|   32|     ap_none|             x|        scalar|
+----------+-----+-----+------------+--------------+--------------+

