

================================================================
== Vitis HLS Report for 'fir'
================================================================
* Date:           Tue Oct 14 22:15:08 2025

* Version:        2024.2 (Build 5238294 on Nov  8 2024)
* Project:        fir.comp
* Solution:       hls (Vivado IP Flow Target)
* Product family: zynq
* Target device:  xc7z020-clg400-1


================================================================
== Performance Estimates
================================================================
+ Timing: 
    * Summary: 
    +--------+----------+----------+------------+
    |  Clock |  Target  | Estimated| Uncertainty|
    +--------+----------+----------+------------+
    |ap_clk  |  10.00 ns|  6.978 ns|     2.70 ns|
    +--------+----------+----------+------------+

+ Latency: 
    * Summary: 
    +---------+---------+----------+----------+-----+-----+---------+
    |  Latency (cycles) |  Latency (absolute) |  Interval | Pipeline|
    |   min   |   max   |    min   |    max   | min | max |   Type  |
    +---------+---------+----------+----------+-----+-----+---------+
    |      190|      190|  1.900 us|  1.900 us|  191|  191|       no|
    +---------+---------+----------+----------+-----+-----+---------+

    + Detail: 
        * Instance: 
        +----------------------------+------------------+---------+---------+----------+----------+-----+-----+------------------------------------------------+
        |                            |                  |  Latency (cycles) |  Latency (absolute) |  Interval |                    Pipeline                    |
        |          Instance          |      Module      |   min   |   max   |    min   |    max   | min | max |                      Type                      |
        +----------------------------+------------------+---------+---------+----------+----------+-----+-----+------------------------------------------------+
        |grp_fir_Pipeline_TDL_fu_70  |fir_Pipeline_TDL  |      135|      135|  1.350 us|  1.350 us|   66|   66|  loop auto-rewind stp (delay=0 clock cycles(s))|
        |grp_fir_Pipeline_MAC_fu_84  |fir_Pipeline_MAC  |       50|       50|  0.500 us|  0.500 us|   33|   33|  loop auto-rewind stp (delay=0 clock cycles(s))|
        +----------------------------+------------------+---------+---------+----------+----------+-----+-----+------------------------------------------------+

        * Loop: 
        N/A



================================================================
== Utilization Estimates
================================================================
* Summary: 
+-----------------+---------+-----+--------+-------+-----+
|       Name      | BRAM_18K| DSP |   FF   |  LUT  | URAM|
+-----------------+---------+-----+--------+-------+-----+
|DSP              |        -|    -|       -|      -|    -|
|Expression       |        -|    -|       0|      2|    -|
|FIFO             |        -|    -|       -|      -|    -|
|Instance         |        2|   56|   12418|   9704|    -|
|Memory           |        0|    -|     160|     65|    0|
|Multiplexer      |        -|    -|       0|    231|    -|
|Register         |        -|    -|       8|      -|    -|
+-----------------+---------+-----+--------+-------+-----+
|Total            |        2|   56|   12586|  10002|    0|
+-----------------+---------+-----+--------+-------+-----+
|Available        |      280|  220|  106400|  53200|    0|
+-----------------+---------+-----+--------+-------+-----+
|Utilization (%)  |       ~0|   25|      11|     18|    0|
+-----------------+---------+-----+--------+-------+-----+

+ Detail: 
    * Instance: 
    +----------------------------+------------------+---------+----+-------+------+-----+
    |          Instance          |      Module      | BRAM_18K| DSP|   FF  |  LUT | URAM|
    +----------------------------+------------------+---------+----+-------+------+-----+
    |grp_fir_Pipeline_MAC_fu_84  |fir_Pipeline_MAC  |        2|   8|   1565|  1065|    0|
    |grp_fir_Pipeline_TDL_fu_70  |fir_Pipeline_TDL  |        0|  48|  10853|  8639|    0|
    +----------------------------+------------------+---------+----+-------+------+-----+
    |Total                       |                  |        2|  56|  12418|  9704|    0|
    +----------------------------+------------------+---------+----+-------+------+-----+

    * DSP: 
    N/A

    * Memory: 
    +---------------------------+-------------------------------------+---------+----+----+-----+------+-----+------+-------------+
    |           Memory          |                Module               | BRAM_18K| FF | LUT| URAM| Words| Bits| Banks| W*Bits*Banks|
    +---------------------------+-------------------------------------+---------+----+----+-----+------+-----+------+-------------+
    |fir_int_int_shift_reg_U    |fir_int_int_shift_reg_RAM_AUTO_1R1W  |        0|  32|  13|    0|    26|   32|     1|          832|
    |fir_int_int_shift_reg_2_U  |fir_int_int_shift_reg_RAM_AUTO_1R1W  |        0|  32|  13|    0|    26|   32|     1|          832|
    |fir_int_int_shift_reg_3_U  |fir_int_int_shift_reg_RAM_AUTO_1R1W  |        0|  32|  13|    0|    26|   32|     1|          832|
    |fir_int_int_shift_reg_4_U  |fir_int_int_shift_reg_RAM_AUTO_1R1W  |        0|  32|  13|    0|    26|   32|     1|          832|
    |fir_int_int_shift_reg_5_U  |fir_int_int_shift_reg_RAM_AUTO_1R1W  |        0|  32|  13|    0|    26|   32|     1|          832|
    +---------------------------+-------------------------------------+---------+----+----+-----+------+-----+------+-------------+
    |Total                      |                                     |        0| 160|  65|    0|   130|  160|     5|         4160|
    +---------------------------+-------------------------------------+---------+----+----+-----+------+-----+------+-------------+

    * FIFO: 
    N/A

    * Expression: 
    +---------------------------+----------+----+---+----+------------+------------+
    |       Variable Name       | Operation| DSP| FF| LUT| Bitwidth P0| Bitwidth P1|
    +---------------------------+----------+----+---+----+------------+------------+
    |fir_int_int_shift_reg_we0  |        or|   0|  0|   2|           1|           1|
    +---------------------------+----------+----+---+----+------------+------------+
    |Total                      |          |   0|  0|   2|           1|           1|
    +---------------------------+----------+----+---+----+------------+------------+

    * Multiplexer: 
    +----------------------------------+----+-----------+-----+-----------+
    |               Name               | LUT| Input Size| Bits| Total Bits|
    +----------------------------------+----+-----------+-----+-----------+
    |ap_NS_fsm                         |  37|          7|    1|          7|
    |fir_int_int_shift_reg_2_address0  |  14|          3|    5|         15|
    |fir_int_int_shift_reg_2_ce0       |  14|          3|    1|          3|
    |fir_int_int_shift_reg_2_we0       |   9|          2|    1|          2|
    |fir_int_int_shift_reg_3_address0  |  14|          3|    5|         15|
    |fir_int_int_shift_reg_3_ce0       |  14|          3|    1|          3|
    |fir_int_int_shift_reg_3_we0       |   9|          2|    1|          2|
    |fir_int_int_shift_reg_4_address0  |  14|          3|    5|         15|
    |fir_int_int_shift_reg_4_ce0       |  14|          3|    1|          3|
    |fir_int_int_shift_reg_4_we0       |   9|          2|    1|          2|
    |fir_int_int_shift_reg_5_address0  |  14|          3|    5|         15|
    |fir_int_int_shift_reg_5_ce0       |  14|          3|    1|          3|
    |fir_int_int_shift_reg_5_we0       |   9|          2|    1|          2|
    |fir_int_int_shift_reg_address0    |  14|          3|    5|         15|
    |fir_int_int_shift_reg_ce0         |  14|          3|    1|          3|
    |fir_int_int_shift_reg_d0          |   9|          2|   32|         64|
    |fir_int_int_shift_reg_we0         |   9|          2|    1|          2|
    +----------------------------------+----+-----------+-----+-----------+
    |Total                             | 231|         49|   68|        171|
    +----------------------------------+----+-----------+-----+-----------+

    * Register: 
    +-----------------------------------------+---+----+-----+-----------+
    |                   Name                  | FF| LUT| Bits| Const Bits|
    +-----------------------------------------+---+----+-----+-----------+
    |ap_CS_fsm                                |  6|   0|    6|          0|
    |grp_fir_Pipeline_MAC_fu_84_ap_start_reg  |  1|   0|    1|          0|
    |grp_fir_Pipeline_TDL_fu_70_ap_start_reg  |  1|   0|    1|          0|
    +-----------------------------------------+---+----+-----+-----------+
    |Total                                    |  8|   0|    8|          0|
    +-----------------------------------------+---+----+-----+-----------+



================================================================
== Interface
================================================================
* Summary: 
+----------+-----+-----+------------+--------------+--------------+
| RTL Ports| Dir | Bits|  Protocol  | Source Object|    C Type    |
+----------+-----+-----+------------+--------------+--------------+
|ap_clk    |   in|    1|  ap_ctrl_hs|           fir|  return value|
|ap_rst    |   in|    1|  ap_ctrl_hs|           fir|  return value|
|ap_start  |   in|    1|  ap_ctrl_hs|           fir|  return value|
|ap_done   |  out|    1|  ap_ctrl_hs|           fir|  return value|
|ap_idle   |  out|    1|  ap_ctrl_hs|           fir|  return value|
|ap_ready  |  out|    1|  ap_ctrl_hs|           fir|  return value|
|y         |  out|   32|      ap_vld|             y|       pointer|
|y_ap_vld  |  out|    1|      ap_vld|             y|       pointer|
|x         |   in|   32|     ap_none|             x|        scalar|
+----------+-----+-----+------------+--------------+--------------+

